<?xml version="1.0" encoding="UTF-8"?>
<!-- Generated by org.testng.reporters.JUnitReportReporter -->
<testsuite skipped="0" hostname="LAPTOP-DDOP6AUK" name="dataDrivenExample.DataDrivenWithTestNGDataProvidersAndJxlExcel" tests="4" failures="0" timestamp="2020-03-07T01:17:51 PST" time="1.414" errors="0">
  <testcase name="loginTestCase" time="0.328" classname="dataDrivenExample.DataDrivenWithTestNGDataProvidersAndJxlExcel"/>
  <testcase name="loginTestCase" time="0.314" classname="dataDrivenExample.DataDrivenWithTestNGDataProvidersAndJxlExcel"/>
  <testcase name="loginTestCase" time="0.462" classname="dataDrivenExample.DataDrivenWithTestNGDataProvidersAndJxlExcel"/>
  <testcase name="loginTestCase" time="0.310" classname="dataDrivenExample.DataDrivenWithTestNGDataProvidersAndJxlExcel"/>
</testsuite> <!-- dataDrivenExample.DataDrivenWithTestNGDataProvidersAndJxlExcel -->
