<?xml version="1.0" encoding="UTF-8"?>
<!-- Generated by org.testng.reporters.JUnitReportReporter -->
<testsuite skipped="0" hostname="LAPTOP-DDOP6AUK" name="interviewQuestionsSeleniumExamples.FluentWaitExample" tests="1" failures="0" timestamp="2020-03-16T23:03:54 PDT" time="16.374" errors="0">
  <testcase name="fluentWait" time="16.374" classname="interviewQuestionsSeleniumExamples.FluentWaitExample"/>
</testsuite> <!-- interviewQuestionsSeleniumExamples.FluentWaitExample -->
