<?xml version="1.0" encoding="UTF-8"?>
<!-- Generated by org.testng.reporters.JUnitReportReporter -->
<testsuite skipped="0" hostname="LAPTOP-DDOP6AUK" name="testNGPractice.AnnotationHierarchy" tests="1" failures="0" timestamp="2020-03-01T23:17:46 PST" time="0.014" errors="0">
  <testcase name="test" time="0.014" classname="testNGPractice.AnnotationHierarchy"/>
</testsuite> <!-- testNGPractice.AnnotationHierarchy -->
