<?xml version="1.0" encoding="UTF-8"?>
<!-- Generated by org.testng.reporters.JUnitReportReporter -->
<testsuite skipped="0" hostname="LAPTOP-DDOP6AUK" name="testNGPractice.FirstTestNGExample" tests="1" failures="0" timestamp="2020-03-01T13:44:10 PST" time="1.900" errors="0">
  <testcase name="Login" time="1.900" classname="testNGPractice.FirstTestNGExample"/>
</testsuite> <!-- testNGPractice.FirstTestNGExample -->
