<?xml version="1.0" encoding="UTF-8"?>
<!-- Generated by org.testng.reporters.JUnitReportReporter -->
<testsuite skipped="0" hostname="LAPTOP-DDOP6AUK" name="testNGPractice.GroupingExample" tests="4" failures="0" timestamp="2020-03-01T22:01:52 PST" time="0.014" errors="0">
  <testcase name="Lenovo2" time="0.002" classname="testNGPractice.GroupingExample"/>
  <testcase name="Samsung1" time="0.002" classname="testNGPractice.GroupingExample"/>
  <testcase name="Lenovo1" time="0.009" classname="testNGPractice.GroupingExample"/>
  <testcase name="Samsung2" time="0.001" classname="testNGPractice.GroupingExample"/>
</testsuite> <!-- testNGPractice.GroupingExample -->
