<?xml version="1.0" encoding="UTF-8"?>
<!-- Generated by org.testng.reporters.JUnitReportReporter -->
<testsuite skipped="0" hostname="LAPTOP-DDOP6AUK" name="interviewQuestionsSeleniumExamples.DifferentBetweenGetAndNavigateExample" tests="1" failures="0" timestamp="2020-03-16T23:30:53 PDT" time="14.834" errors="0">
  <testcase name="getAndNavigateDifference" time="14.834" classname="interviewQuestionsSeleniumExamples.DifferentBetweenGetAndNavigateExample"/>
</testsuite> <!-- interviewQuestionsSeleniumExamples.DifferentBetweenGetAndNavigateExample -->
