<?xml version="1.0" encoding="UTF-8"?>
<!-- Generated by org.testng.reporters.JUnitReportReporter -->
<testsuite skipped="0" hostname="LAPTOP-DDOP6AUK" name="interviewQuestionsSeleniumExamples.ScreenshotExamples" tests="1" failures="0" timestamp="2020-03-17T00:06:20 PDT" time="10.594" errors="0">
  <testcase name="screenShot" time="10.594" classname="interviewQuestionsSeleniumExamples.ScreenshotExamples"/>
</testsuite> <!-- interviewQuestionsSeleniumExamples.ScreenshotExamples -->
