<?xml version="1.0" encoding="UTF-8"?>
<!-- Generated by org.testng.reporters.JUnitReportReporter -->
<testsuite skipped="0" hostname="LAPTOP-DDOP6AUK" name="testNGPractice.DependanciesExample" tests="4" failures="0" timestamp="2020-03-01T21:43:56 PST" time="0.006" errors="0">
  <testcase name="primarySchool" time="0.001" classname="testNGPractice.DependanciesExample"/>
  <testcase name="elementarySchool" time="0.003" classname="testNGPractice.DependanciesExample"/>
  <testcase name="higherSecondarySchool" time="0.001" classname="testNGPractice.DependanciesExample"/>
  <testcase name="college" time="0.001" classname="testNGPractice.DependanciesExample"/>
</testsuite> <!-- testNGPractice.DependanciesExample -->
