<?xml version="1.0" encoding="UTF-8"?>
<!-- Generated by org.testng.reporters.JUnitReportReporter -->
<testsuite skipped="0" hostname="LAPTOP-DDOP6AUK" name="dataDrivenExample.DataDrivenWithTestNGDataProviders" tests="4" failures="0" timestamp="2020-03-06T23:54:01 PST" time="52.489" errors="0">
  <testcase name="loginToApplication" time="12.116" classname="dataDrivenExample.DataDrivenWithTestNGDataProviders"/>
  <testcase name="loginToApplication" time="12.093" classname="dataDrivenExample.DataDrivenWithTestNGDataProviders"/>
  <testcase name="loginToApplication" time="13.200" classname="dataDrivenExample.DataDrivenWithTestNGDataProviders"/>
  <testcase name="loginToApplication" time="15.080" classname="dataDrivenExample.DataDrivenWithTestNGDataProviders"/>
</testsuite> <!-- dataDrivenExample.DataDrivenWithTestNGDataProviders -->
