<?xml version="1.0" encoding="UTF-8"?>
<!-- Generated by org.testng.reporters.JUnitReportReporter -->
<testsuite skipped="0" hostname="LAPTOP-DDOP6AUK" name="interviewQuestionsSeleniumExamples.DifferenceBetweenQuitandClose" tests="1" failures="0" timestamp="2020-03-16T23:20:20 PDT" time="15.520" errors="0">
  <testcase name="quitAndClose" time="15.520" classname="interviewQuestionsSeleniumExamples.DifferenceBetweenQuitandClose"/>
</testsuite> <!-- interviewQuestionsSeleniumExamples.DifferenceBetweenQuitandClose -->
