<?xml version="1.0" encoding="UTF-8"?>
<!-- Generated by org.testng.reporters.JUnitReportReporter -->
<testsuite skipped="1" hostname="LAPTOP-DDOP6AUK" name="testNGPractice.SkipaTestcase" tests="6" failures="0" timestamp="2020-03-01T21:43:56 PST" time="0.003" errors="0">
  <testcase name="putFirstGear" time="0.001" classname="testNGPractice.SkipaTestcase"/>
  <testcase name="startCar" time="0.001" classname="testNGPractice.SkipaTestcase"/>
  <testcase name="putSecondGear" time="0.001" classname="testNGPractice.SkipaTestcase"/>
  <testcase name="putThirdGear" time="0.000" classname="testNGPractice.SkipaTestcase"/>
  <testcase name="putFourthGear" time="0.000" classname="testNGPractice.SkipaTestcase"/>
  <testcase name="turnOnMusic" classname="testNGPractice.SkipaTestcase">
    <skipped/>
  </testcase> <!-- turnOnMusic -->
</testsuite> <!-- testNGPractice.SkipaTestcase -->
