<?xml version="1.0" encoding="UTF-8"?>
<!-- Generated by org.testng.reporters.JUnitReportReporter -->
<testsuite skipped="0" hostname="LAPTOP-DDOP6AUK" name="testNGPractice.ParametrizationExample" tests="1" failures="0" timestamp="2020-03-01T22:22:13 PST" time="0.009" errors="0">
  <testcase name="parameter" time="0.009" classname="testNGPractice.ParametrizationExample"/>
</testsuite> <!-- testNGPractice.ParametrizationExample -->
