<?xml version="1.0" encoding="UTF-8"?>
<!-- Generated by org.testng.reporters.JUnitReportReporter -->
<testsuite skipped="0" hostname="LAPTOP-DDOP6AUK" name="dataDrivenExample.DataDrivenWithTestNGDataProvidersAndXSSFXcel" tests="4" failures="0" timestamp="2020-03-16T20:40:19 PDT" time="3.044" errors="0">
  <testcase name="LoginTestCase" time="0.490" classname="dataDrivenExample.DataDrivenWithTestNGDataProvidersAndXSSFXcel"/>
  <testcase name="LoginTestCase" time="1.694" classname="dataDrivenExample.DataDrivenWithTestNGDataProvidersAndXSSFXcel"/>
  <testcase name="LoginTestCase" time="0.429" classname="dataDrivenExample.DataDrivenWithTestNGDataProvidersAndXSSFXcel"/>
  <testcase name="LoginTestCase" time="0.431" classname="dataDrivenExample.DataDrivenWithTestNGDataProvidersAndXSSFXcel"/>
</testsuite> <!-- dataDrivenExample.DataDrivenWithTestNGDataProvidersAndXSSFXcel -->
