<?xml version="1.0" encoding="UTF-8"?>
<!-- Generated by org.testng.reporters.JUnitReportReporter -->
<testsuite skipped="0" hostname="LAPTOP-DDOP6AUK" name="interviewQuestionsSeleniumExamples.ImplicitWaitExample" tests="1" failures="0" timestamp="2020-03-16T21:59:07 PDT" time="12.746" errors="0">
  <testcase name="implicitwait" time="12.746" classname="interviewQuestionsSeleniumExamples.ImplicitWaitExample"/>
</testsuite> <!-- interviewQuestionsSeleniumExamples.ImplicitWaitExample -->
