<?xml version="1.0" encoding="UTF-8"?>
<!-- Generated by org.testng.reporters.JUnitReportReporter -->
<testsuite skipped="0" hostname="LAPTOP-DDOP6AUK" name="testNGPractice.SimpleTestForListener" tests="2" failures="0" timestamp="2020-04-06T23:15:22 PDT" time="17.777" errors="0">
  <testcase name="OpenAmazonSite" time="10.240" classname="testNGPractice.SimpleTestForListener"/>
  <system-out/>
  <testcase name="OpenEbaySite" time="7.537" classname="testNGPractice.SimpleTestForListener"/>
  <system-out/>
</testsuite> <!-- testNGPractice.SimpleTestForListener -->
