<?xml version="1.0" encoding="UTF-8"?>
<!-- Generated by org.testng.reporters.JUnitReportReporter -->
<testsuite skipped="0" hostname="LAPTOP-DDOP6AUK" name="testNGPractice.SimpleTestForListener" tests="2" failures="0" timestamp="2020-04-05T15:02:59 PDT" time="25.788" errors="0">
  <testcase name="OpenAmazonSite" time="11.351" classname="testNGPractice.SimpleTestForListener"/>
  <system-out/>
  <testcase name="OpenEbaySite" time="14.437" classname="testNGPractice.SimpleTestForListener"/>
  <system-out/>
</testsuite> <!-- testNGPractice.SimpleTestForListener -->
